[0m[[0m[0mdebug[0m] [0m[0m> Exec(dev, Some(f081d5fa-93d5-4d85-9f0f-7a4a91308e9e), Some(CommandSource(console0)))[0m
[0m[[0m[0mdebug[0m] [0m[0m> Exec(;fastOptJS::startWebpackDevServer;~fastOptJS, None, Some(CommandSource(console0)))[0m
[0m[[0m[0mdebug[0m] [0m[0m> Exec(fastOptJS::startWebpackDevServer, None, Some(CommandSource(console0)))[0m
[0m[[0m[0mdebug[0m] [0m[0mEvaluating tasks: Compile / fastOptJS / startWebpackDevServer[0m
[0m[[0m[33mwarn[0m] [0m[0msbt 0.13 shell syntax is deprecated; use slash syntax instead: Compile / fastOptJS / startWebpackDevServer[0m
[0m[[0m[0mdebug[0m] [0m[0mRunning task... Cancel: Signal, check cycles: false, forcegc: true[0m
[0m[[0m[0minfo[0m] [0m[0mStarting webpack-dev-server[0m
[0m[[0m[0mdebug[0m] [0m[0mGlobal IR cache stats: reused: 46 -- invalidated: 0 -- trees read: 0[0m
[0m[[0m[32msuccess[0m] [0m[0mTotal time: 1 s, completed Sep 8, 2021, 8:15:58 PM[0m
[0m[[0m[0mdebug[0m] [0m[0m> Exec(~fastOptJS, None, Some(CommandSource(console0)))[0m
[0m[[0m[0mdebug[0m] [0m[0m> Exec(__runWatch console0, None, Some(CommandSource(console0)))[0m
[0m[[0m[0mdebug[0m] [0m[0m> Exec(sbtStashOnFailure, None, Some(CommandSource(console0)))[0m
[0m[[0m[0mdebug[0m] [0m[0m> Exec(__preWatch console0, None, Some(CommandSource(console0)))[0m
[0m[[0m[0mdebug[0m] [0m[0m> Exec(fastOptJS, None, Some(CommandSource(console0)))[0m
[0m[[0m[0mdebug[0m] [0m[0mEvaluating tasks: Compile / fastOptJS[0m
[0m[[0m[0mdebug[0m] [0m[0mRunning task... Cancel: Signal, check cycles: false, forcegc: true[0m
[0m[[0m[0mdebug[0m] [0m[0mGlobal IR cache stats: reused: 46 -- invalidated: 0 -- trees read: 0[0m
[0m[[0m[32msuccess[0m] [0m[0mTotal time: 0 s, completed Sep 8, 2021, 8:15:58 PM[0m
[0m[[0m[0mdebug[0m] [0m[0m> Exec(resumeFromFailure, None, Some(CommandSource(console0)))[0m
[0m[[0m[0mdebug[0m] [0m[0m> Exec(sbtPopOnFailure, None, Some(CommandSource(console0)))[0m
[0m[[0m[0mdebug[0m] [0m[0m> Exec(__postWatch console0, None, Some(CommandSource(console0)))[0m
[0m[[0m[0mdebug[0m] [0m[0m> Exec(__waitWatch console0, None, Some(CommandSource(console0)))[0m
[0m[[0m[0minfo[0m] [0m[0mshutting down sbt server[0m
