[0m[[0m[0mdebug[0m] [0m[0m> Exec(__runWatch console0, Some(632edb63-5120-4603-9497-f56a3fb7c27f), Some(CommandSource(console0)))[0m
[0m[[0m[0mdebug[0m] [0m[0m> Exec(sbtStashOnFailure, None, Some(CommandSource(console0)))[0m
[0m[[0m[0mdebug[0m] [0m[0m> Exec(__preWatch console0, None, Some(CommandSource(console0)))[0m
[0m[[0m[0mdebug[0m] [0m[0m> Exec(fastOptJS, None, Some(CommandSource(console0)))[0m
[0m[[0m[0mdebug[0m] [0m[0mEvaluating tasks: Compile / fastOptJS[0m
[0m[[0m[0mdebug[0m] [0m[0mRunning task... Cancel: Signal, check cycles: false, forcegc: true[0m
[0m[[0m[0minfo[0m] [0m[0mcompiling 1 Scala source to /home/bradly/Desktop/ehsgovsite/target/scala-2.13/classes ...[0m
[0m[[0m[33mwarn[0m] [0m[0m1 deprecation (since 2.13.0); re-run with -deprecation for details[0m
[0m[[0m[33mwarn[0m] [0m[0mone warning found[0m
[0m[[0m[0minfo[0m] [0m[0mcompiling 1 Scala source to /home/bradly/Desktop/ehsgovsite/target/scala-2.13/classes ...[0m
[0m[[0m[31merror[0m] [0m[0m/home/bradly/Desktop/ehsgovsite/src/main/scala/bloks/App.scala:37:9: missing parameter type[0m
[0m[[0m[31merror[0m] [0m[0m        componentName => setState(_.copy(component = componentName))[0m
[0m[[0m[31merror[0m] [0m[0m        ^[0m
[0m[[0m[31merror[0m] [0m[0mone error found[0m
[0m[[0m[0mdebug[0m] [0m[0mGlobal IR cache stats: reused: 0 -- invalidated: 0 -- trees read: 0[0m
[0m[[0m[31merror[0m] [0m[0m(Compile / [31mcompileIncremental[0m) Compilation failed[0m
[0m[[0m[31merror[0m] [0m[0mTotal time: 1 s, completed Sep 18, 2021, 9:29:24 PM[0m
[0m[[0m[0mdebug[0m] [0m[0m> Exec(resumeFromFailure, None, Some(CommandSource(console0)))[0m
[0m[[0m[0mdebug[0m] [0m[0m> Exec(sbtPopOnFailure, None, Some(CommandSource(console0)))[0m
[0m[[0m[0mdebug[0m] [0m[0m> Exec(__postWatch console0, None, Some(CommandSource(console0)))[0m
[0m[[0m[0mdebug[0m] [0m[0m> Exec(resumeFromFailure, None, None)[0m
[0m[[0m[0mdebug[0m] [0m[0m> Exec(__waitWatch console0, None, None)[0m
